0 info it worked if it ends with ok
1 verbose cli [ '/usr/bin/nodejs', '/usr/bin/npm', 'init' ]
2 info using npm@1.3.10
3 info using node@v0.10.25
4 silly package data undefined
5 info init written successfully
6 error Error: Invalid name: "npm install bootstrap"
6 error     at ensureValidName (/usr/lib/nodejs/normalize-package-data/lib/fixer.js:284:15)
6 error     at Object.module.exports.fixNameField (/usr/lib/nodejs/normalize-package-data/lib/fixer.js:199:5)
6 error     at /usr/lib/nodejs/normalize-package-data/lib/normalize.js:29:38
6 error     at Array.forEach (native)
6 error     at normalize (/usr/lib/nodejs/normalize-package-data/lib/normalize.js:28:15)
6 error     at final (/usr/lib/nodejs/read-package-json/read-json.js:310:33)
6 error     at then (/usr/lib/nodejs/read-package-json/read-json.js:124:33)
6 error     at /usr/lib/nodejs/read-package-json/read-json.js:234:40
6 error     at fs.js:268:14
6 error     at /usr/lib/nodejs/graceful-fs/graceful-fs.js:103:5
7 error If you need help, you may report this log at:
7 error     <http://github.com/isaacs/npm/issues>
7 error or email it to:
7 error     <npm-@googlegroups.com>
8 error System Linux 3.13.0-116-generic
9 error command "/usr/bin/nodejs" "/usr/bin/npm" "init"
10 error cwd /home/tanveer/tjan90.github.io-master
11 error node -v v0.10.25
12 error npm -v 1.3.10
13 verbose exit [ 1, true ]
